<?xml version="1.0" encoding="UTF-8"?>
<!-- Generated by org.testng.reporters.JUnitReportReporter -->
<testsuite skipped="0" hostname="Alikhans-MacBook-Air.local" name="test.First" tests="1" failures="0" timestamp="2020-08-18T22:14:49 EDT" time="16.925" errors="0">
  <testcase name="negativeLogin1" time="16.925" classname="test.First"/>
  <system-out/>
</testsuite> <!-- test.First -->
